{"/home/felipelopes/Projects/semana-javascript-expert06-main/api/config/index.js": {"path":"/home/felipelopes/Projects/semana-javascript-expert06-main/api/config/index.js","statementMap":{"0":{"start":{"line":4,"column":19},"end":{"line":4,"column":58}},"1":{"start":{"line":5,"column":13},"end":{"line":5,"column":40}},"2":{"start":{"line":6,"column":23},"end":{"line":6,"column":42}},"3":{"start":{"line":7,"column":24},"end":{"line":7,"column":44}}},"fnMap":{},"branchMap":{"0":{"loc":{"start":{"line":10,"column":10},"end":{"line":10,"column":34}},"type":"binary-expr","locations":[{"start":{"line":10,"column":10},"end":{"line":10,"column":26}},{"start":{"line":10,"column":30},"end":{"line":10,"column":34}}],"line":10}},"s":{"0":3,"1":3,"2":3,"3":3},"f":{},"b":{"0":[3,3]},"_coverageSchema":"1a1c01bbd47fc00a2c39e90264f33305004495a9","hash":"5871d00fb798186fb135e68cf7d5aea87e95680c"}
,"/home/felipelopes/Projects/semana-javascript-expert06-main/api/controller/index.js": {"path":"/home/felipelopes/Projects/semana-javascript-expert06-main/api/controller/index.js","statementMap":{"0":{"start":{"line":6,"column":8},"end":{"line":6,"column":36}},"1":{"start":{"line":10,"column":8},"end":{"line":10,"column":51}}},"fnMap":{"0":{"name":"(anonymous_0)","decl":{"start":{"line":5,"column":4},"end":{"line":5,"column":5}},"loc":{"start":{"line":5,"column":19},"end":{"line":7,"column":5}},"line":5},"1":{"name":"(anonymous_1)","decl":{"start":{"line":9,"column":4},"end":{"line":9,"column":5}},"loc":{"start":{"line":9,"column":35},"end":{"line":11,"column":5}},"line":9}},"branchMap":{},"s":{"0":2,"1":1},"f":{"0":2,"1":1},"b":{},"_coverageSchema":"1a1c01bbd47fc00a2c39e90264f33305004495a9","hash":"c8b25ecc7dbc4c58ab826e23e08ac4d20abcce10"}
,"/home/felipelopes/Projects/semana-javascript-expert06-main/api/routes/index.js": {"path":"/home/felipelopes/Projects/semana-javascript-expert06-main/api/routes/index.js","statementMap":{"0":{"start":{"line":14,"column":4},"end":{"line":14,"column":10}},"1":{"start":{"line":16,"column":19},"end":{"line":16,"column":35}},"2":{"start":{"line":23,"column":8},"end":{"line":23,"column":15}},"3":{"start":{"line":25,"column":4},"end":{"line":31,"column":5}},"4":{"start":{"line":26,"column":8},"end":{"line":28,"column":10}},"5":{"start":{"line":30,"column":8},"end":{"line":30,"column":29}},"6":{"start":{"line":33,"column":4},"end":{"line":39,"column":5}},"7":{"start":{"line":36,"column":12},"end":{"line":36,"column":52}},"8":{"start":{"line":38,"column":8},"end":{"line":38,"column":36}},"9":{"start":{"line":41,"column":4},"end":{"line":47,"column":5}},"10":{"start":{"line":44,"column":12},"end":{"line":44,"column":58}},"11":{"start":{"line":46,"column":8},"end":{"line":46,"column":36}},"12":{"start":{"line":49,"column":4},"end":{"line":64,"column":5}},"13":{"start":{"line":53,"column":12},"end":{"line":53,"column":47}},"14":{"start":{"line":55,"column":28},"end":{"line":55,"column":46}},"15":{"start":{"line":57,"column":8},"end":{"line":61,"column":9}},"16":{"start":{"line":58,"column":12},"end":{"line":60,"column":14}},"17":{"start":{"line":63,"column":8},"end":{"line":63,"column":36}},"18":{"start":{"line":66,"column":4},"end":{"line":66,"column":27}},"19":{"start":{"line":67,"column":4},"end":{"line":67,"column":25}},"20":{"start":{"line":71,"column":4},"end":{"line":75,"column":5}},"21":{"start":{"line":72,"column":8},"end":{"line":72,"column":53}},"22":{"start":{"line":73,"column":8},"end":{"line":73,"column":31}},"23":{"start":{"line":74,"column":8},"end":{"line":74,"column":29}},"24":{"start":{"line":77,"column":4},"end":{"line":77,"column":54}},"25":{"start":{"line":78,"column":4},"end":{"line":78,"column":27}},"26":{"start":{"line":79,"column":4},"end":{"line":79,"column":25}},"27":{"start":{"line":83,"column":4},"end":{"line":83,"column":65}},"28":{"start":{"line":83,"column":42},"end":{"line":83,"column":64}}},"fnMap":{"0":{"name":"routes","decl":{"start":{"line":19,"column":15},"end":{"line":19,"column":21}},"loc":{"start":{"line":19,"column":41},"end":{"line":68,"column":1}},"line":19},"1":{"name":"handlerError","decl":{"start":{"line":70,"column":9},"end":{"line":70,"column":21}},"loc":{"start":{"line":70,"column":39},"end":{"line":80,"column":1}},"line":70},"2":{"name":"handler","decl":{"start":{"line":82,"column":16},"end":{"line":82,"column":23}},"loc":{"start":{"line":82,"column":34},"end":{"line":84,"column":1}},"line":82},"3":{"name":"(anonymous_3)","decl":{"start":{"line":83,"column":35},"end":{"line":83,"column":36}},"loc":{"start":{"line":83,"column":42},"end":{"line":83,"column":64}},"line":83}},"branchMap":{"0":{"loc":{"start":{"line":25,"column":4},"end":{"line":31,"column":5}},"type":"if","locations":[{"start":{"line":25,"column":4},"end":{"line":31,"column":5}},{"start":{},"end":{}}],"line":25},"1":{"loc":{"start":{"line":25,"column":7},"end":{"line":25,"column":38}},"type":"binary-expr","locations":[{"start":{"line":25,"column":7},"end":{"line":25,"column":23}},{"start":{"line":25,"column":27},"end":{"line":25,"column":38}}],"line":25},"2":{"loc":{"start":{"line":33,"column":4},"end":{"line":39,"column":5}},"type":"if","locations":[{"start":{"line":33,"column":4},"end":{"line":39,"column":5}},{"start":{},"end":{}}],"line":33},"3":{"loc":{"start":{"line":33,"column":7},"end":{"line":33,"column":42}},"type":"binary-expr","locations":[{"start":{"line":33,"column":7},"end":{"line":33,"column":23}},{"start":{"line":33,"column":27},"end":{"line":33,"column":42}}],"line":33},"4":{"loc":{"start":{"line":41,"column":4},"end":{"line":47,"column":5}},"type":"if","locations":[{"start":{"line":41,"column":4},"end":{"line":47,"column":5}},{"start":{},"end":{}}],"line":41},"5":{"loc":{"start":{"line":41,"column":7},"end":{"line":41,"column":48}},"type":"binary-expr","locations":[{"start":{"line":41,"column":7},"end":{"line":41,"column":23}},{"start":{"line":41,"column":27},"end":{"line":41,"column":48}}],"line":41},"6":{"loc":{"start":{"line":49,"column":4},"end":{"line":64,"column":5}},"type":"if","locations":[{"start":{"line":49,"column":4},"end":{"line":64,"column":5}},{"start":{},"end":{}}],"line":49},"7":{"loc":{"start":{"line":57,"column":8},"end":{"line":61,"column":9}},"type":"if","locations":[{"start":{"line":57,"column":8},"end":{"line":61,"column":9}},{"start":{},"end":{}}],"line":57},"8":{"loc":{"start":{"line":71,"column":4},"end":{"line":75,"column":5}},"type":"if","locations":[{"start":{"line":71,"column":4},"end":{"line":75,"column":5}},{"start":{},"end":{}}],"line":71}},"s":{"0":1,"1":1,"2":8,"3":8,"4":1,"5":1,"6":7,"7":1,"8":1,"9":6,"10":1,"11":1,"12":5,"13":4,"14":2,"15":2,"16":1,"17":2,"18":1,"19":1,"20":2,"21":1,"22":1,"23":1,"24":1,"25":1,"26":1,"27":8,"28":2},"f":{"0":8,"1":2,"2":8,"3":2},"b":{"0":[1,7],"1":[8,7],"2":[1,6],"3":[7,6],"4":[1,5],"5":[6,5],"6":[4,1],"7":[1,1],"8":[1,1]},"_coverageSchema":"1a1c01bbd47fc00a2c39e90264f33305004495a9","hash":"7fa7278b182f2b0bc12ef3aea14a38922846f44b"}
,"/home/felipelopes/Projects/semana-javascript-expert06-main/api/services/index.js": {"path":"/home/felipelopes/Projects/semana-javascript-expert06-main/api/services/index.js","statementMap":{"0":{"start":{"line":10,"column":4},"end":{"line":10,"column":10}},"1":{"start":{"line":14,"column":8},"end":{"line":14,"column":44}},"2":{"start":{"line":18,"column":29},"end":{"line":18,"column":56}},"3":{"start":{"line":19,"column":8},"end":{"line":19,"column":45}},"4":{"start":{"line":20,"column":25},"end":{"line":20,"column":46}},"5":{"start":{"line":22,"column":8},"end":{"line":25,"column":9}},"6":{"start":{"line":32,"column":12},"end":{"line":32,"column":40}},"7":{"start":{"line":34,"column":8},"end":{"line":37,"column":9}}},"fnMap":{"0":{"name":"(anonymous_0)","decl":{"start":{"line":13,"column":4},"end":{"line":13,"column":5}},"loc":{"start":{"line":13,"column":31},"end":{"line":15,"column":5}},"line":13},"1":{"name":"(anonymous_1)","decl":{"start":{"line":17,"column":4},"end":{"line":17,"column":5}},"loc":{"start":{"line":17,"column":28},"end":{"line":26,"column":5}},"line":17},"2":{"name":"(anonymous_2)","decl":{"start":{"line":28,"column":4},"end":{"line":28,"column":5}},"loc":{"start":{"line":28,"column":30},"end":{"line":38,"column":5}},"line":28}},"branchMap":{},"s":{"0":3,"1":1,"2":2,"3":2,"4":2,"5":2,"6":1,"7":1},"f":{"0":1,"1":2,"2":1},"b":{},"_coverageSchema":"1a1c01bbd47fc00a2c39e90264f33305004495a9","hash":"dfe41e0be2b4964509277e99b0b4516b66e6edce"}
,"/home/felipelopes/Projects/semana-javascript-expert06-main/api/util/index.js": {"path":"/home/felipelopes/Projects/semana-javascript-expert06-main/api/util/index.js","statementMap":{"0":{"start":{"line":3,"column":12},"end":{"line":12,"column":2}},"1":{"start":{"line":14,"column":22},"end":{"line":14,"column":25}}},"fnMap":{},"branchMap":{},"s":{"0":1,"1":1},"f":{},"b":{},"_coverageSchema":"1a1c01bbd47fc00a2c39e90264f33305004495a9","hash":"52a030d71382f15c71130bccc628888ca6df59b5"}
}
