TN:
SF:api/config/index.js
FNF:0
FNH:0
DA:4,3
DA:5,3
DA:6,3
DA:7,3
LF:4
LH:4
BRDA:10,0,0,3
BRDA:10,0,1,3
BRF:2
BRH:2
end_of_record
TN:
SF:api/controller/index.js
FN:5,(anonymous_0)
FN:9,(anonymous_1)
FNF:2
FNH:2
FNDA:2,(anonymous_0)
FNDA:1,(anonymous_1)
DA:6,2
DA:10,1
LF:2
LH:2
BRF:0
BRH:0
end_of_record
TN:
SF:api/routes/index.js
FN:19,routes
FN:70,handlerError
FN:82,handler
FN:83,(anonymous_3)
FNF:4
FNH:4
FNDA:8,routes
FNDA:2,handlerError
FNDA:8,handler
FNDA:2,(anonymous_3)
DA:14,1
DA:16,1
DA:23,8
DA:25,8
DA:26,1
DA:30,1
DA:33,7
DA:36,1
DA:38,1
DA:41,6
DA:44,1
DA:46,1
DA:49,5
DA:53,4
DA:55,2
DA:57,2
DA:58,1
DA:63,2
DA:66,1
DA:67,1
DA:71,2
DA:72,1
DA:73,1
DA:74,1
DA:77,1
DA:78,1
DA:79,1
DA:83,8
LF:28
LH:28
BRDA:25,0,0,1
BRDA:25,0,1,7
BRDA:25,1,0,8
BRDA:25,1,1,7
BRDA:33,2,0,1
BRDA:33,2,1,6
BRDA:33,3,0,7
BRDA:33,3,1,6
BRDA:41,4,0,1
BRDA:41,4,1,5
BRDA:41,5,0,6
BRDA:41,5,1,5
BRDA:49,6,0,4
BRDA:49,6,1,1
BRDA:57,7,0,1
BRDA:57,7,1,1
BRDA:71,8,0,1
BRDA:71,8,1,1
BRF:18
BRH:18
end_of_record
TN:
SF:api/services/index.js
FN:13,(anonymous_0)
FN:17,(anonymous_1)
FN:28,(anonymous_2)
FNF:3
FNH:3
FNDA:1,(anonymous_0)
FNDA:2,(anonymous_1)
FNDA:1,(anonymous_2)
DA:10,3
DA:14,1
DA:18,2
DA:19,2
DA:20,2
DA:22,2
DA:32,1
DA:34,1
LF:8
LH:8
BRF:0
BRH:0
end_of_record
TN:
SF:api/util/index.js
FNF:0
FNH:0
DA:3,1
DA:14,1
LF:2
LH:2
BRF:0
BRH:0
end_of_record
